<?xml version="1.0" encoding="UTF-8"?>
<testsuite name="gumrya.api.PostApiControllerTest" tests="8" skipped="0" failures="0" errors="0" timestamp="2021-06-26T12:58:17" hostname="Younghoonui-MacBook-Pro.local" time="0.294">
  <properties/>
  <testcase name="게시글 업데이트 - 실패" classname="gumrya.api.PostApiControllerTest" time="0.039"/>
  <testcase name="게시글 조회 - 성공" classname="gumrya.api.PostApiControllerTest" time="0.032"/>
  <testcase name="게시글 삭제 - 실패" classname="gumrya.api.PostApiControllerTest" time="0.023"/>
  <testcase name="게시글 업데이트 - 성공" classname="gumrya.api.PostApiControllerTest" time="0.024"/>
  <testcase name="게시글 저장 - 성공" classname="gumrya.api.PostApiControllerTest" time="0.049"/>
  <testcase name="게시글 저장 - 실패" classname="gumrya.api.PostApiControllerTest" time="0.045"/>
  <testcase name="게시글 조회 - 실패" classname="gumrya.api.PostApiControllerTest" time="0.033"/>
  <testcase name="게시글 삭제 - 성공" classname="gumrya.api.PostApiControllerTest" time="0.03"/>
  <system-out><![CDATA[2021-06-26 21:58:16.846  INFO 79180 --- [    Test worker] .b.t.a.w.s.WebMvcTestContextBootstrapper : Neither @ContextConfiguration nor @ContextHierarchy found for test class [gumrya.api.PostApiControllerTest], using SpringBootContextLoader
2021-06-26 21:58:16.847  INFO 79180 --- [    Test worker] o.s.t.c.support.AbstractContextLoader    : Could not detect default resource locations for test class [gumrya.api.PostApiControllerTest]: no resource found for suffixes {-context.xml, Context.groovy}.
2021-06-26 21:58:16.847  INFO 79180 --- [    Test worker] t.c.s.AnnotationConfigContextLoaderUtils : Could not detect default configuration classes for test class [gumrya.api.PostApiControllerTest]: PostApiControllerTest does not declare any static, non-private, non-final, nested classes annotated with @Configuration.
2021-06-26 21:58:16.853  INFO 79180 --- [    Test worker] .b.t.c.SpringBootTestContextBootstrapper : Found @SpringBootConfiguration gumrya.GumryaWebApplication for test class gumrya.api.PostApiControllerTest
2021-06-26 21:58:16.854  INFO 79180 --- [    Test worker] .b.t.a.w.s.WebMvcTestContextBootstrapper : Loaded default TestExecutionListener class names from location [META-INF/spring.factories]: [org.springframework.boot.test.autoconfigure.restdocs.RestDocsTestExecutionListener, org.springframework.boot.test.autoconfigure.web.client.MockRestServiceServerResetTestExecutionListener, org.springframework.boot.test.autoconfigure.web.servlet.MockMvcPrintOnlyOnFailureTestExecutionListener, org.springframework.boot.test.autoconfigure.web.servlet.WebDriverTestExecutionListener, org.springframework.boot.test.autoconfigure.webservices.client.MockWebServiceServerTestExecutionListener, org.springframework.boot.test.mock.mockito.MockitoTestExecutionListener, org.springframework.boot.test.mock.mockito.ResetMocksTestExecutionListener, org.springframework.test.context.web.ServletTestExecutionListener, org.springframework.test.context.support.DirtiesContextBeforeModesTestExecutionListener, org.springframework.test.context.support.DependencyInjectionTestExecutionListener, org.springframework.test.context.support.DirtiesContextTestExecutionListener, org.springframework.test.context.transaction.TransactionalTestExecutionListener, org.springframework.test.context.jdbc.SqlScriptsTestExecutionListener, org.springframework.test.context.event.EventPublishingTestExecutionListener]
2021-06-26 21:58:16.856  INFO 79180 --- [    Test worker] .b.t.a.w.s.WebMvcTestContextBootstrapper : Using TestExecutionListeners: [org.springframework.test.context.web.ServletTestExecutionListener@9dd535b, org.springframework.test.context.support.DirtiesContextBeforeModesTestExecutionListener@5832952c, org.springframework.boot.test.mock.mockito.MockitoTestExecutionListener@2296f07e, org.springframework.boot.test.autoconfigure.SpringBootDependencyInjectionTestExecutionListener@72c6fc5c, org.springframework.test.context.support.DirtiesContextTestExecutionListener@11623ed4, org.springframework.test.context.event.EventPublishingTestExecutionListener@5db54221, org.springframework.boot.test.autoconfigure.restdocs.RestDocsTestExecutionListener@48354ce9, org.springframework.boot.test.autoconfigure.web.client.MockRestServiceServerResetTestExecutionListener@d547daf, org.springframework.boot.test.autoconfigure.web.servlet.MockMvcPrintOnlyOnFailureTestExecutionListener@d40764f, org.springframework.boot.test.autoconfigure.web.servlet.WebDriverTestExecutionListener@7a93898c, org.springframework.boot.test.autoconfigure.webservices.client.MockWebServiceServerTestExecutionListener@1823c033, org.springframework.boot.test.mock.mockito.ResetMocksTestExecutionListener@36347f9d]

  .   ____          _            __ _ _
 /\\ / ___'_ __ _ _(_)_ __  __ _ \ \ \ \
( ( )\___ | '_ | '_| | '_ \/ _` | \ \ \ \
 \\/  ___)| |_)| | | | | || (_| |  ) ) ) )
  '  |____| .__|_| |_|_| |_\__, | / / / /
 =========|_|==============|___/=/_/_/_/
 :: Spring Boot ::       (v2.3.12.RELEASE)

2021-06-26 21:58:16.913  INFO 79180 --- [    Test worker] gumrya.api.PostApiControllerTest         : Starting PostApiControllerTest on Younghoonui-MacBook-Pro.local with PID 79180 (started by hoony in /Users/hoony/Desktop/woowacourse/gumlayudong-backend/gumrya-web)
2021-06-26 21:58:16.917  INFO 79180 --- [    Test worker] gumrya.api.PostApiControllerTest         : No active profile set, falling back to default profiles: default
2021-06-26 21:58:17.377  INFO 79180 --- [    Test worker] o.s.s.concurrent.ThreadPoolTaskExecutor  : Initializing ExecutorService 'applicationTaskExecutor'
2021-06-26 21:58:17.520  INFO 79180 --- [    Test worker] o.s.b.t.m.w.SpringBootMockServletContext : Initializing Spring TestDispatcherServlet ''
2021-06-26 21:58:17.520  INFO 79180 --- [    Test worker] o.s.t.web.servlet.TestDispatcherServlet  : Initializing Servlet ''
2021-06-26 21:58:17.533  INFO 79180 --- [    Test worker] o.s.t.web.servlet.TestDispatcherServlet  : Completed initialization in 13 ms
2021-06-26 21:58:17.551  INFO 79180 --- [    Test worker] gumrya.api.PostApiControllerTest         : Started PostApiControllerTest in 0.688 seconds (JVM running for 4.455)

MockHttpServletRequest:
      HTTP Method = PUT
      Request URI = /api/posts
       Parameters = {}
          Headers = [Content-Type:"application/json;charset=UTF-8", Content-Length:"67"]
             Body = {"id":1,"title":"","content":"소금 실패","referenceUrl":".com"}
    Session Attrs = {}

Handler:
             Type = gumrya.api.PostApiController
           Method = gumrya.api.PostApiController#update(PostRequest)

Async:
    Async started = false
     Async result = null

Resolved Exception:
             Type = gumrya.exception.InvalidInputException

ModelAndView:
        View name = null
             View = null
            Model = null

FlashMap:
       Attributes = null

MockHttpServletResponse:
           Status = 400
    Error message = null
          Headers = [Content-Type:"application/json"]
     Content type = application/json
             Body = {"message":"ì]]>&#x9e;<![CDATA[]]>&#x98;<![CDATA[ëª»ë]]>&#x90;<![CDATA[]]>&#x9c;<![CDATA[ ì]]>&#x9e;<![CDATA[ë ¥ ì]]>&#x98;<![CDATA[]]>&#x88;<![CDATA[ì]]>&#x8b;<![CDATA[]]>&#x9c;<![CDATA["}
    Forwarded URL = null
   Redirected URL = null
          Cookies = []

MockHttpServletRequest:
      HTTP Method = GET
      Request URI = /api/posts/1
       Parameters = {}
          Headers = []
             Body = null
    Session Attrs = {}

Handler:
             Type = gumrya.api.PostApiController
           Method = gumrya.api.PostApiController#find(Long)

Async:
    Async started = false
     Async result = null

Resolved Exception:
             Type = null

ModelAndView:
        View name = null
             View = null
            Model = null

FlashMap:
       Attributes = null

MockHttpServletResponse:
           Status = 200
    Error message = null
          Headers = [Content-Type:"application/json"]
     Content type = application/json
             Body = {"id":1,"title":"ê²]]>&#x80;<![CDATA[í]]>&#x94;<![CDATA[]]>&#x84;<![CDATA[ì]]>&#x9d;<![CDATA[]]>&#x98;<![CDATA[ ì]]>&#x86;<![CDATA[]]>&#x90;<![CDATA[ë§]]>&#x9b;<![CDATA[","content":"ì]]>&#x86;<![CDATA[]]>&#x8c;<![CDATA[ê¸]]>&#x88;<![CDATA[ ì]]>&#x8b;<![CDATA[¤í]]>&#x8c;<![CDATA[¨","referenceUrl":"ë]]>&#x84;<![CDATA[]]>&#x88;<![CDATA[ë¬´ì§]]>&#x9c;<![CDATA[.com"}
    Forwarded URL = null
   Redirected URL = null
          Cookies = []

MockHttpServletRequest:
      HTTP Method = DELETE
      Request URI = /api/posts/1
       Parameters = {}
          Headers = []
             Body = null
    Session Attrs = {}

Handler:
             Type = gumrya.api.PostApiController
           Method = gumrya.api.PostApiController#delete(Long)

Async:
    Async started = false
     Async result = null

Resolved Exception:
             Type = gumrya.exception.NotFoundException

ModelAndView:
        View name = null
             View = null
            Model = null

FlashMap:
       Attributes = null

MockHttpServletResponse:
           Status = 400
    Error message = null
          Headers = [Content-Type:"application/json"]
     Content type = application/json
             Body = {"message":"ì]]>&#x9e;<![CDATA[]]>&#x98;<![CDATA[ëª»ë]]>&#x90;<![CDATA[]]>&#x9c;<![CDATA[ ì]]>&#x9e;<![CDATA[ë ¥ ì]]>&#x98;<![CDATA[]]>&#x88;<![CDATA[ì]]>&#x8b;<![CDATA[]]>&#x9c;<![CDATA["}
    Forwarded URL = null
   Redirected URL = null
          Cookies = []

MockHttpServletRequest:
      HTTP Method = PUT
      Request URI = /api/posts
       Parameters = {}
          Headers = [Content-Type:"application/json;charset=UTF-8", Content-Length:"92"]
             Body = {"id":1,"title":"검프의 손맛","content":"소금 실패","referenceUrl":"너무짜.com"}
    Session Attrs = {}

Handler:
             Type = gumrya.api.PostApiController
           Method = gumrya.api.PostApiController#update(PostRequest)

Async:
    Async started = false
     Async result = null

Resolved Exception:
             Type = null

ModelAndView:
        View name = null
             View = null
            Model = null

FlashMap:
       Attributes = null

MockHttpServletResponse:
           Status = 204
    Error message = null
          Headers = []
     Content type = null
             Body = 
    Forwarded URL = null
   Redirected URL = null
          Cookies = []

MockHttpServletRequest:
      HTTP Method = POST
      Request URI = /api/posts
       Parameters = {}
          Headers = [Content-Type:"application/json;charset=UTF-8", Content-Length:"92"]
             Body = {"id":1,"title":"검프의 손맛","content":"소금 실패","referenceUrl":"너무짜.com"}
    Session Attrs = {}

Handler:
             Type = gumrya.api.PostApiController
           Method = gumrya.api.PostApiController#save(PostRequest)

Async:
    Async started = false
     Async result = null

Resolved Exception:
             Type = null

ModelAndView:
        View name = null
             View = null
            Model = null

FlashMap:
       Attributes = null

MockHttpServletResponse:
           Status = 201
    Error message = null
          Headers = [Location:"/api/posts/1"]
     Content type = null
             Body = 
    Forwarded URL = null
   Redirected URL = /api/posts/1
          Cookies = []

MockHttpServletRequest:
      HTTP Method = POST
      Request URI = /api/posts
       Parameters = {}
          Headers = [Content-Type:"application/json;charset=UTF-8", Content-Length:"67"]
             Body = {"id":1,"title":"","content":"소금 실패","referenceUrl":".com"}
    Session Attrs = {}

Handler:
             Type = gumrya.api.PostApiController
           Method = gumrya.api.PostApiController#save(PostRequest)

Async:
    Async started = false
     Async result = null

Resolved Exception:
             Type = gumrya.exception.InvalidInputException

ModelAndView:
        View name = null
             View = null
            Model = null

FlashMap:
       Attributes = null

MockHttpServletResponse:
           Status = 400
    Error message = null
          Headers = [Content-Type:"application/json"]
     Content type = application/json
             Body = {"message":"ì]]>&#x9e;<![CDATA[]]>&#x98;<![CDATA[ëª»ë]]>&#x90;<![CDATA[]]>&#x9c;<![CDATA[ ì]]>&#x9e;<![CDATA[ë ¥ ì]]>&#x98;<![CDATA[]]>&#x88;<![CDATA[ì]]>&#x8b;<![CDATA[]]>&#x9c;<![CDATA["}
    Forwarded URL = null
   Redirected URL = null
          Cookies = []

MockHttpServletRequest:
      HTTP Method = GET
      Request URI = /api/posts/1
       Parameters = {}
          Headers = []
             Body = null
    Session Attrs = {}

Handler:
             Type = gumrya.api.PostApiController
           Method = gumrya.api.PostApiController#find(Long)

Async:
    Async started = false
     Async result = null

Resolved Exception:
             Type = gumrya.exception.NotFoundException

ModelAndView:
        View name = null
             View = null
            Model = null

FlashMap:
       Attributes = null

MockHttpServletResponse:
           Status = 400
    Error message = null
          Headers = [Content-Type:"application/json"]
     Content type = application/json
             Body = {"message":"ì]]>&#x9e;<![CDATA[]]>&#x98;<![CDATA[ëª»ë]]>&#x90;<![CDATA[]]>&#x9c;<![CDATA[ ì]]>&#x9e;<![CDATA[ë ¥ ì]]>&#x98;<![CDATA[]]>&#x88;<![CDATA[ì]]>&#x8b;<![CDATA[]]>&#x9c;<![CDATA["}
    Forwarded URL = null
   Redirected URL = null
          Cookies = []

MockHttpServletRequest:
      HTTP Method = DELETE
      Request URI = /api/posts/1
       Parameters = {}
          Headers = []
             Body = null
    Session Attrs = {}

Handler:
             Type = gumrya.api.PostApiController
           Method = gumrya.api.PostApiController#delete(Long)

Async:
    Async started = false
     Async result = null

Resolved Exception:
             Type = null

ModelAndView:
        View name = null
             View = null
            Model = null

FlashMap:
       Attributes = null

MockHttpServletResponse:
           Status = 204
    Error message = null
          Headers = []
     Content type = null
             Body = 
    Forwarded URL = null
   Redirected URL = null
          Cookies = []
]]></system-out>
  <system-err><![CDATA[]]></system-err>
</testsuite>
