<?xml version="1.0" encoding="UTF-8"?>
<testsuite name="유저 컨트롤러 테스트" tests="8" skipped="0" failures="0" errors="0" timestamp="2021-06-26T12:58:16" hostname="Younghoonui-MacBook-Pro.local" time="0.535">
  <properties/>
  <testcase name="사용자 삭제 - 실패" classname="gumrya.api.UserApiControllerTest" time="0.247"/>
  <testcase name="사용자 가입 - 성공" classname="gumrya.api.UserApiControllerTest" time="0.077"/>
  <testcase name="사용자 업데이트 - 실패" classname="gumrya.api.UserApiControllerTest" time="0.026"/>
  <testcase name="사용자 정보 조회 - 실패" classname="gumrya.api.UserApiControllerTest" time="0.033"/>
  <testcase name="사용자 가입 - 실패" classname="gumrya.api.UserApiControllerTest" time="0.027"/>
  <testcase name="사용자 정보 조회 - 성공" classname="gumrya.api.UserApiControllerTest" time="0.046"/>
  <testcase name="사용자 삭제 - 성공" classname="gumrya.api.UserApiControllerTest" time="0.026"/>
  <testcase name="사용자 업데이트 - 성공" classname="gumrya.api.UserApiControllerTest" time="0.036"/>
  <system-out><![CDATA[21:58:13.942 [Test worker] DEBUG org.springframework.test.context.BootstrapUtils - Instantiating CacheAwareContextLoaderDelegate from class [org.springframework.test.context.cache.DefaultCacheAwareContextLoaderDelegate]
21:58:13.954 [Test worker] DEBUG org.springframework.test.context.BootstrapUtils - Instantiating BootstrapContext using constructor [public org.springframework.test.context.support.DefaultBootstrapContext(java.lang.Class,org.springframework.test.context.CacheAwareContextLoaderDelegate)]
21:58:13.988 [Test worker] DEBUG org.springframework.test.context.BootstrapUtils - Instantiating TestContextBootstrapper for test class [gumrya.api.UserApiControllerTest] from class [org.springframework.boot.test.autoconfigure.web.servlet.WebMvcTestContextBootstrapper]
21:58:14.005 [Test worker] INFO org.springframework.boot.test.autoconfigure.web.servlet.WebMvcTestContextBootstrapper - Neither @ContextConfiguration nor @ContextHierarchy found for test class [gumrya.api.UserApiControllerTest], using SpringBootContextLoader
21:58:14.009 [Test worker] DEBUG org.springframework.test.context.support.AbstractContextLoader - Did not detect default resource location for test class [gumrya.api.UserApiControllerTest]: class path resource [gumrya/api/UserApiControllerTest-context.xml] does not exist
21:58:14.009 [Test worker] DEBUG org.springframework.test.context.support.AbstractContextLoader - Did not detect default resource location for test class [gumrya.api.UserApiControllerTest]: class path resource [gumrya/api/UserApiControllerTestContext.groovy] does not exist
21:58:14.009 [Test worker] INFO org.springframework.test.context.support.AbstractContextLoader - Could not detect default resource locations for test class [gumrya.api.UserApiControllerTest]: no resource found for suffixes {-context.xml, Context.groovy}.
21:58:14.010 [Test worker] INFO org.springframework.test.context.support.AnnotationConfigContextLoaderUtils - Could not detect default configuration classes for test class [gumrya.api.UserApiControllerTest]: UserApiControllerTest does not declare any static, non-private, non-final, nested classes annotated with @Configuration.
21:58:14.078 [Test worker] DEBUG org.springframework.test.context.support.ActiveProfilesUtils - Could not find an 'annotation declaring class' for annotation type [org.springframework.test.context.ActiveProfiles] and class [gumrya.api.UserApiControllerTest]
21:58:14.141 [Test worker] DEBUG org.springframework.context.annotation.ClassPathScanningCandidateComponentProvider - Identified candidate component class: file [/Users/hoony/Desktop/woowacourse/gumlayudong-backend/gumrya-web/build/classes/java/main/gumrya/GumryaWebApplication.class]
21:58:14.142 [Test worker] INFO org.springframework.boot.test.context.SpringBootTestContextBootstrapper - Found @SpringBootConfiguration gumrya.GumryaWebApplication for test class gumrya.api.UserApiControllerTest
21:58:14.145 [Test worker] DEBUG org.springframework.boot.test.autoconfigure.web.servlet.WebMvcTestContextBootstrapper - @TestExecutionListeners is not present for class [gumrya.api.UserApiControllerTest]: using defaults.
21:58:14.145 [Test worker] INFO org.springframework.boot.test.autoconfigure.web.servlet.WebMvcTestContextBootstrapper - Loaded default TestExecutionListener class names from location [META-INF/spring.factories]: [org.springframework.boot.test.autoconfigure.restdocs.RestDocsTestExecutionListener, org.springframework.boot.test.autoconfigure.web.client.MockRestServiceServerResetTestExecutionListener, org.springframework.boot.test.autoconfigure.web.servlet.MockMvcPrintOnlyOnFailureTestExecutionListener, org.springframework.boot.test.autoconfigure.web.servlet.WebDriverTestExecutionListener, org.springframework.boot.test.autoconfigure.webservices.client.MockWebServiceServerTestExecutionListener, org.springframework.boot.test.mock.mockito.MockitoTestExecutionListener, org.springframework.boot.test.mock.mockito.ResetMocksTestExecutionListener, org.springframework.test.context.web.ServletTestExecutionListener, org.springframework.test.context.support.DirtiesContextBeforeModesTestExecutionListener, org.springframework.test.context.support.DependencyInjectionTestExecutionListener, org.springframework.test.context.support.DirtiesContextTestExecutionListener, org.springframework.test.context.transaction.TransactionalTestExecutionListener, org.springframework.test.context.jdbc.SqlScriptsTestExecutionListener, org.springframework.test.context.event.EventPublishingTestExecutionListener]
21:58:14.154 [Test worker] DEBUG org.springframework.boot.test.autoconfigure.web.servlet.WebMvcTestContextBootstrapper - Skipping candidate TestExecutionListener [org.springframework.test.context.transaction.TransactionalTestExecutionListener] due to a missing dependency. Specify custom listener classes or make the default listener classes and their required dependencies available. Offending class: [org/springframework/transaction/TransactionDefinition]
21:58:14.155 [Test worker] DEBUG org.springframework.boot.test.autoconfigure.web.servlet.WebMvcTestContextBootstrapper - Skipping candidate TestExecutionListener [org.springframework.test.context.jdbc.SqlScriptsTestExecutionListener] due to a missing dependency. Specify custom listener classes or make the default listener classes and their required dependencies available. Offending class: [org/springframework/transaction/interceptor/TransactionAttribute]
21:58:14.155 [Test worker] INFO org.springframework.boot.test.autoconfigure.web.servlet.WebMvcTestContextBootstrapper - Using TestExecutionListeners: [org.springframework.test.context.web.ServletTestExecutionListener@37eeaa4c, org.springframework.test.context.support.DirtiesContextBeforeModesTestExecutionListener@4059ddd0, org.springframework.boot.test.mock.mockito.MockitoTestExecutionListener@2163475f, org.springframework.boot.test.autoconfigure.SpringBootDependencyInjectionTestExecutionListener@42efd3d9, org.springframework.test.context.support.DirtiesContextTestExecutionListener@91bd02, org.springframework.test.context.event.EventPublishingTestExecutionListener@ea8579d, org.springframework.boot.test.autoconfigure.restdocs.RestDocsTestExecutionListener@35caa0a8, org.springframework.boot.test.autoconfigure.web.client.MockRestServiceServerResetTestExecutionListener@907dcd3, org.springframework.boot.test.autoconfigure.web.servlet.MockMvcPrintOnlyOnFailureTestExecutionListener@4f3095c, org.springframework.boot.test.autoconfigure.web.servlet.WebDriverTestExecutionListener@482bb2e0, org.springframework.boot.test.autoconfigure.webservices.client.MockWebServiceServerTestExecutionListener@280494ad, org.springframework.boot.test.mock.mockito.ResetMocksTestExecutionListener@1fd2243a]
21:58:14.162 [Test worker] DEBUG org.springframework.test.context.support.AbstractDirtiesContextTestExecutionListener - Before test class: context [DefaultTestContext@256c1fe4 testClass = UserApiControllerTest, testInstance = [null], testMethod = [null], testException = [null], mergedContextConfiguration = [WebMergedContextConfiguration@597f682c testClass = UserApiControllerTest, locations = '{}', classes = '{class gumrya.GumryaWebApplication}', contextInitializerClasses = '[]', activeProfiles = '{}', propertySourceLocations = '{}', propertySourceProperties = '{org.springframework.boot.test.autoconfigure.web.servlet.WebMvcTestContextBootstrapper=true}', contextCustomizers = set[org.springframework.boot.test.autoconfigure.OverrideAutoConfigurationContextCustomizerFactory$DisableAutoConfigurationContextCustomizer@551a35c7, org.springframework.boot.test.autoconfigure.filter.TypeExcludeFiltersContextCustomizer@9757c056, org.springframework.boot.test.autoconfigure.properties.PropertyMappingContextCustomizer@55177abd, org.springframework.boot.test.autoconfigure.web.servlet.WebDriverContextCustomizerFactory$Customizer@6572ae7f, [ImportsContextCustomizer@4d0ae15a key = [@org.springframework.boot.test.autoconfigure.web.servlet.AutoConfigureWebMvc(), @org.springframework.boot.test.autoconfigure.filter.TypeExcludeFilters(value={org.springframework.boot.test.autoconfigure.web.servlet.WebMvcTypeExcludeFilter.class}), @org.springframework.boot.test.autoconfigure.properties.PropertyMapping(value="spring.test.mockmvc", skip=NO), @org.springframework.boot.test.autoconfigure.web.servlet.AutoConfigureMockMvc(webDriverEnabled=true, print=DEFAULT, webClientEnabled=true, addFilters=true, printOnlyOnFailure=true), @org.springframework.context.annotation.Import(value={org.springframework.boot.autoconfigure.ImportAutoConfigurationImportSelector.class}), @org.springframework.boot.autoconfigure.ImportAutoConfiguration(value={}, exclude={}, classes={}), @org.springframework.test.context.BootstrapWith(value=org.springframework.boot.test.autoconfigure.web.servlet.WebMvcTestContextBootstrapper.class), @org.springframework.context.annotation.Import(value={org.springframework.boot.test.autoconfigure.restdocs.RestDocumentationContextProviderRegistrar.class}), @org.springframework.boot.test.autoconfigure.restdocs.AutoConfigureRestDocs(uriScheme="http", outputDir="", uriPort=8080, value="", uriHost="localhost"), @org.junit.jupiter.api.extension.ExtendWith(value={org.springframework.test.context.junit.jupiter.SpringExtension.class}), @org.springframework.boot.test.autoconfigure.core.AutoConfigureCache(cacheProvider=NONE), @org.springframework.boot.test.autoconfigure.properties.PropertyMapping(value="spring.test.restdocs", skip=NO), @org.springframework.boot.test.autoconfigure.web.servlet.WebMvcTest(useDefaultFilters=true, excludeFilters={}, controllers={gumrya.api.UserApiController.class}, excludeAutoConfiguration={}, includeFilters={}, value={}, properties={}), @org.springframework.boot.test.autoconfigure.OverrideAutoConfiguration(enabled=false), @org.junit.jupiter.api.DisplayName(value="유저 컨트롤러 테스트"), @org.apiguardian.api.API(consumers={"*"}, since="5.0", status=STABLE)]], org.springframework.boot.test.context.filter.ExcludeFilterContextCustomizer@6de1893c, org.springframework.boot.test.json.DuplicateJsonObjectContextCustomizerFactory$DuplicateJsonObjectContextCustomizer@1ac4b2c9, org.springframework.boot.test.mock.mockito.MockitoContextCustomizer@df59e729, org.springframework.boot.test.context.SpringBootTestArgs@1, org.springframework.boot.test.context.SpringBootTestWebEnvironment@0], resourceBasePath = 'src/main/webapp', contextLoader = 'org.springframework.boot.test.context.SpringBootContextLoader', parent = [null]], attributes = map[[empty]]], class annotated with @DirtiesContext [false] with mode [null].
21:58:14.192 [Test worker] DEBUG org.springframework.test.context.support.TestPropertySourceUtils - Adding inlined properties to environment: {spring.jmx.enabled=false, org.springframework.boot.test.autoconfigure.web.servlet.WebMvcTestContextBootstrapper=true}

  .   ____          _            __ _ _
 /\\ / ___'_ __ _ _(_)_ __  __ _ \ \ \ \
( ( )\___ | '_ | '_| | '_ \/ _` | \ \ \ \
 \\/  ___)| |_)| | | | | || (_| |  ) ) ) )
  '  |____| .__|_| |_|_| |_\__, | / / / /
 =========|_|==============|___/=/_/_/_/
 :: Spring Boot ::       (v2.3.12.RELEASE)

2021-06-26 21:58:14.667  INFO 79180 --- [    Test worker] gumrya.api.UserApiControllerTest         : Starting UserApiControllerTest on Younghoonui-MacBook-Pro.local with PID 79180 (started by hoony in /Users/hoony/Desktop/woowacourse/gumlayudong-backend/gumrya-web)
2021-06-26 21:58:14.671  INFO 79180 --- [    Test worker] gumrya.api.UserApiControllerTest         : No active profile set, falling back to default profiles: default
2021-06-26 21:58:15.940  INFO 79180 --- [    Test worker] o.s.s.concurrent.ThreadPoolTaskExecutor  : Initializing ExecutorService 'applicationTaskExecutor'
2021-06-26 21:58:16.244  INFO 79180 --- [    Test worker] o.s.b.t.m.w.SpringBootMockServletContext : Initializing Spring TestDispatcherServlet ''
2021-06-26 21:58:16.244  INFO 79180 --- [    Test worker] o.s.t.web.servlet.TestDispatcherServlet  : Initializing Servlet ''
2021-06-26 21:58:16.255  INFO 79180 --- [    Test worker] o.s.t.web.servlet.TestDispatcherServlet  : Completed initialization in 11 ms
2021-06-26 21:58:16.282  INFO 79180 --- [    Test worker] gumrya.api.UserApiControllerTest         : Started UserApiControllerTest in 2.081 seconds (JVM running for 3.187)

MockHttpServletRequest:
      HTTP Method = DELETE
      Request URI = /api/users
       Parameters = {email=[@gmail.com]}
          Headers = []
             Body = null
    Session Attrs = {}

Handler:
             Type = gumrya.api.UserApiController
           Method = gumrya.api.UserApiController#delete(String)

Async:
    Async started = false
     Async result = null

Resolved Exception:
             Type = gumrya.exception.InvalidInputException

ModelAndView:
        View name = null
             View = null
            Model = null

FlashMap:
       Attributes = null

MockHttpServletResponse:
           Status = 400
    Error message = null
          Headers = [Content-Type:"application/json"]
     Content type = application/json
             Body = {"message":"ì]]>&#x9e;<![CDATA[]]>&#x98;<![CDATA[ëª»ë]]>&#x90;<![CDATA[]]>&#x9c;<![CDATA[ ì]]>&#x9e;<![CDATA[ë ¥ ì]]>&#x98;<![CDATA[]]>&#x88;<![CDATA[ì]]>&#x8b;<![CDATA[]]>&#x9c;<![CDATA["}
    Forwarded URL = null
   Redirected URL = null
          Cookies = []

MockHttpServletRequest:
      HTTP Method = POST
      Request URI = /api/users/signup
       Parameters = {}
          Headers = [Content-Type:"application/json;charset=UTF-8", Content-Length:"170"]
             Body = {"email":"gump@naver.com","password":"나는 잘생긴 권영훈","nickname":"123","introduction":"나는 잘생김","profileUrl":"/user/img","githubUrl":"www.hello.com"}
    Session Attrs = {}

Handler:
             Type = gumrya.api.UserApiController
           Method = gumrya.api.UserApiController#signUp(UserRequest)

Async:
    Async started = false
     Async result = null

Resolved Exception:
             Type = null

ModelAndView:
        View name = null
             View = null
            Model = null

FlashMap:
       Attributes = null

MockHttpServletResponse:
           Status = 201
    Error message = null
          Headers = [Location:"/api/users/1"]
     Content type = null
             Body = 
    Forwarded URL = null
   Redirected URL = /api/users/1
          Cookies = []

MockHttpServletRequest:
      HTTP Method = PUT
      Request URI = /api/users
       Parameters = {}
          Headers = [Content-Type:"application/json;charset=UTF-8", Content-Length:"101"]
             Body = {"email":null,"password":null,"nickname":null,"introduction":null,"profileUrl":null,"githubUrl":null}
    Session Attrs = {}

Handler:
             Type = gumrya.api.UserApiController
           Method = gumrya.api.UserApiController#update(UserRequest)

Async:
    Async started = false
     Async result = null

Resolved Exception:
             Type = gumrya.exception.InvalidInputException

ModelAndView:
        View name = null
             View = null
            Model = null

FlashMap:
       Attributes = null

MockHttpServletResponse:
           Status = 400
    Error message = null
          Headers = [Content-Type:"application/json"]
     Content type = application/json
             Body = {"message":"ì]]>&#x9e;<![CDATA[]]>&#x98;<![CDATA[ëª»ë]]>&#x90;<![CDATA[]]>&#x9c;<![CDATA[ ì]]>&#x9e;<![CDATA[ë ¥ ì]]>&#x98;<![CDATA[]]>&#x88;<![CDATA[ì]]>&#x8b;<![CDATA[]]>&#x9c;<![CDATA["}
    Forwarded URL = null
   Redirected URL = null
          Cookies = []

MockHttpServletRequest:
      HTTP Method = GET
      Request URI = /api/users
       Parameters = {email=[@gmail.com]}
          Headers = []
             Body = null
    Session Attrs = {}

Handler:
             Type = gumrya.api.UserApiController
           Method = gumrya.api.UserApiController#findUser(String)

Async:
    Async started = false
     Async result = null

Resolved Exception:
             Type = gumrya.exception.InvalidInputException

ModelAndView:
        View name = null
             View = null
            Model = null

FlashMap:
       Attributes = null

MockHttpServletResponse:
           Status = 400
    Error message = null
          Headers = [Content-Type:"application/json"]
     Content type = application/json
             Body = {"message":"ì]]>&#x9e;<![CDATA[]]>&#x98;<![CDATA[ëª»ë]]>&#x90;<![CDATA[]]>&#x9c;<![CDATA[ ì]]>&#x9e;<![CDATA[ë ¥ ì]]>&#x98;<![CDATA[]]>&#x88;<![CDATA[ì]]>&#x8b;<![CDATA[]]>&#x9c;<![CDATA["}
    Forwarded URL = null
   Redirected URL = null
          Cookies = []

MockHttpServletRequest:
      HTTP Method = POST
      Request URI = /api/users/signup
       Parameters = {}
          Headers = [Content-Type:"application/json;charset=UTF-8", Content-Length:"101"]
             Body = {"email":null,"password":null,"nickname":null,"introduction":null,"profileUrl":null,"githubUrl":null}
    Session Attrs = {}

Handler:
             Type = gumrya.api.UserApiController
           Method = gumrya.api.UserApiController#signUp(UserRequest)

Async:
    Async started = false
     Async result = null

Resolved Exception:
             Type = gumrya.exception.InvalidInputException

ModelAndView:
        View name = null
             View = null
            Model = null

FlashMap:
       Attributes = null

MockHttpServletResponse:
           Status = 400
    Error message = null
          Headers = [Content-Type:"application/json"]
     Content type = application/json
             Body = {"message":"ì]]>&#x9e;<![CDATA[]]>&#x98;<![CDATA[ëª»ë]]>&#x90;<![CDATA[]]>&#x9c;<![CDATA[ ì]]>&#x9e;<![CDATA[ë ¥ ì]]>&#x98;<![CDATA[]]>&#x88;<![CDATA[ì]]>&#x8b;<![CDATA[]]>&#x9c;<![CDATA["}
    Forwarded URL = null
   Redirected URL = null
          Cookies = []

MockHttpServletRequest:
      HTTP Method = GET
      Request URI = /api/users
       Parameters = {email=[xxx@gmail.com]}
          Headers = []
             Body = null
    Session Attrs = {}

Handler:
             Type = gumrya.api.UserApiController
           Method = gumrya.api.UserApiController#findUser(String)

Async:
    Async started = false
     Async result = null

Resolved Exception:
             Type = null

ModelAndView:
        View name = null
             View = null
            Model = null

FlashMap:
       Attributes = null

MockHttpServletResponse:
           Status = 200
    Error message = null
          Headers = [Content-Type:"application/json"]
     Content type = application/json
             Body = {"id":1,"nickname":"ë]]>&#x82;<![CDATA[]]>&#x98;<![CDATA[ë]]>&#x8a;<![CDATA[]]>&#x94;<![CDATA[ ì]]>&#x9e;<![CDATA[]]>&#x98;<![CDATA[ì]]>&#x83;<![CDATA[]]>&#x9d;<![CDATA[ê¸´ ê¶]]>&#x8c;<![CDATA[ì]]>&#x98;<![CDATA[]]>&#x81;<![CDATA[í]]>&#x9b;<![CDATA[]]>&#x88;<![CDATA[","introduction":"ë]]>&#x82;<![CDATA[]]>&#x98;<![CDATA[ë]]>&#x8a;<![CDATA[]]>&#x94;<![CDATA[ ì]]>&#x9e;<![CDATA[]]>&#x98;<![CDATA[ì]]>&#x83;<![CDATA[]]>&#x9d;<![CDATA[ê¹]]>&#x80;<![CDATA[","profileUrl":"/user/img","githubUrl":"www.hello.com"}
    Forwarded URL = null
   Redirected URL = null
          Cookies = []

MockHttpServletRequest:
      HTTP Method = DELETE
      Request URI = /api/users
       Parameters = {email=[xxx@gmail.com]}
          Headers = []
             Body = null
    Session Attrs = {}

Handler:
             Type = gumrya.api.UserApiController
           Method = gumrya.api.UserApiController#delete(String)

Async:
    Async started = false
     Async result = null

Resolved Exception:
             Type = null

ModelAndView:
        View name = null
             View = null
            Model = null

FlashMap:
       Attributes = null

MockHttpServletResponse:
           Status = 204
    Error message = null
          Headers = []
     Content type = null
             Body = 
    Forwarded URL = null
   Redirected URL = null
          Cookies = []

MockHttpServletRequest:
      HTTP Method = PUT
      Request URI = /api/users
       Parameters = {}
          Headers = [Content-Type:"application/json;charset=UTF-8", Content-Length:"170"]
             Body = {"email":"gump@naver.com","password":"나는 잘생긴 권영훈","nickname":"123","introduction":"나는 잘생김","profileUrl":"/user/img","githubUrl":"www.hello.com"}
    Session Attrs = {}

Handler:
             Type = gumrya.api.UserApiController
           Method = gumrya.api.UserApiController#update(UserRequest)

Async:
    Async started = false
     Async result = null

Resolved Exception:
             Type = null

ModelAndView:
        View name = null
             View = null
            Model = null

FlashMap:
       Attributes = null

MockHttpServletResponse:
           Status = 204
    Error message = null
          Headers = []
     Content type = null
             Body = 
    Forwarded URL = null
   Redirected URL = null
          Cookies = []
]]></system-out>
  <system-err><![CDATA[]]></system-err>
</testsuite>
